<?xml version="1.0" encoding="UTF-8"?>
<!-- Generated by org.testng.reporters.JUnitXMLReporter -->
<testsuite ignored="0" hostname="DESKTOP-5B2Q11L" failures="1" tests="1" name="Default test" time="15.058" errors="0" timestamp="2023-05-15T06:39:55 IST">
  <testcase classname="io.cucumber.testng.AbstractTestNGCucumberTests" name="runScenario" time="14.371">
    <failure type="java.lang.AssertionError" message="The following asserts failed:
	expected [OrangeHR] but found [OrangeHRM]">
      <![CDATA[java.lang.AssertionError: The following asserts failed:
expected [OrangeHR] but found [OrangeHRM]
at org.testng.asserts.SoftAssert.assertAll(SoftAssert.java:47)
at org.testng.asserts.SoftAssert.assertAll(SoftAssert.java:31)
at com.Stepdefinition.Test.Stepdefinition.teardown(Stepdefinition.java:40)
]]>
    </failure>
  </testcase> <!-- runScenario -->
</testsuite> <!-- Default test -->
