<?xml version="1.0" encoding="UTF-8"?>
<!-- Generated by org.testng.reporters.JUnitReportReporter -->
<testsuite hostname="DESKTOP-5B2Q11L" failures="1" tests="1" name="com.Runner.Test.TestRunner" time="14.231" errors="0" timestamp="2023-05-15T06:11:14 IST" skipped="0">
  <testcase classname="com.Runner.Test.TestRunner" name="runScenario" time="14.231">
    <failure message="The following asserts failed:
	expected [OrangeHR] but found [OrangeHRM]" type="java.lang.AssertionError">
      <![CDATA[java.lang.AssertionError: The following asserts failed:
expected [OrangeHR] but found [OrangeHRM]
at org.testng.asserts.SoftAssert.assertAll(SoftAssert.java:47)
at org.testng.asserts.SoftAssert.assertAll(SoftAssert.java:31)
at com.Stepdefinition.Test.Stepdefinition.teardown(Stepdefinition.java:39)
]]>
    </failure>
  </testcase> <!-- runScenario -->
  <system-out/>
</testsuite> <!-- com.Runner.Test.TestRunner -->
